<?xml version='1.0' encoding='UTF-8'?>
<testsuite hostname="Urvis-MacBook-Pro.local" name="fp2tests" tests="20" errors="0" failures="1" time="0.031">
                     <properties>
      <property name="jline.esc.timeout" value="0"/><property name="java.runtime.name" value="Java(TM) SE Runtime Environment"/><property name="sun.boot.library.path" value="/Library/Java/JavaVirtualMachines/jdk1.8.0_25.jdk/Contents/Home/jre/lib"/><property name="java.vm.version" value="25.25-b02"/><property name="gopherProxySet" value="false"/><property name="java.vm.vendor" value="Oracle Corporation"/><property name="java.vendor.url" value="http://java.oracle.com/"/><property name="path.separator" value=":"/><property name="java.vm.name" value="Java HotSpot(TM) 64-Bit Server VM"/><property name="file.encoding.pkg" value="sun.io"/><property name="user.country" value="US"/><property name="sun.java.launcher" value="SUN_STANDARD"/><property name="sun.os.patch.level" value="unknown"/><property name="java.vm.specification.name" value="Java Virtual Machine Specification"/><property name="user.dir" value="/Users/urvipatel/Desktop/447/csc447-0945-patelurv"/><property name="java.runtime.version" value="1.8.0_25-b17"/><property name="java.awt.graphicsenv" value="sun.awt.CGraphicsEnvironment"/><property name="java.endorsed.dirs" value="/Library/Java/JavaVirtualMachines/jdk1.8.0_25.jdk/Contents/Home/jre/lib/endorsed"/><property name="os.arch" value="x86_64"/><property name="java.io.tmpdir" value="/var/folders/r2/5ylytwqs3hj7pxbqcs4ff76c0000gn/T/"/><property name="line.separator" value="
"/><property name="java.vm.specification.vendor" value="Oracle Corporation"/><property name="os.name" value="Mac OS X"/><property name="sun.jnu.encoding" value="UTF-8"/><property name="java.library.path" value="/Users/urvipatel/Library/Java/Extensions:/Library/Java/Extensions:/Network/Library/Java/Extensions:/System/Library/Java/Extensions:/usr/lib/java:."/><property name="java.specification.name" value="Java Platform API Specification"/><property name="java.class.version" value="52.0"/><property name="sun.management.compiler" value="HotSpot 64-Bit Tiered Compilers"/><property name="os.version" value="10.9.5"/><property name="http.nonProxyHosts" value="local|*.local|169.254/16|*.169.254/16"/><property name="user.home" value="/Users/urvipatel"/><property name="user.timezone" value="America/Chicago"/><property name="java.awt.printerjob" value="sun.lwawt.macosx.CPrinterJob"/><property name="file.encoding" value="UTF-8"/><property name="java.specification.version" value="1.8"/><property name="java.class.path" value="/Users/urvipatel/Desktop/sbt/sbt/bin/sbt-launch.jar"/><property name="user.name" value="urvipatel"/><property name="jline.shutdownhook" value="false"/><property name="java.vm.specification.version" value="1.8"/><property name="sun.java.command" value="/Users/urvipatel/Desktop/sbt/sbt/bin/sbt-launch.jar"/><property name="java.home" value="/Library/Java/JavaVirtualMachines/jdk1.8.0_25.jdk/Contents/Home/jre"/><property name="sun.arch.data.model" value="64"/><property name="user.language" value="en"/><property name="java.specification.vendor" value="Oracle Corporation"/><property name="awt.toolkit" value="sun.lwawt.macosx.LWCToolkit"/><property name="java.vm.info" value="mixed mode"/><property name="java.version" value="1.8.0_25"/><property name="java.ext.dirs" value="/Users/urvipatel/Library/Java/Extensions:/Library/Java/JavaVirtualMachines/jdk1.8.0_25.jdk/Contents/Home/jre/lib/ext:/Library/Java/Extensions:/Network/Library/Java/Extensions:/System/Library/Java/Extensions:/usr/lib/java"/><property name="sun.boot.class.path" value="/Library/Java/JavaVirtualMachines/jdk1.8.0_25.jdk/Contents/Home/jre/lib/resources.jar:/Library/Java/JavaVirtualMachines/jdk1.8.0_25.jdk/Contents/Home/jre/lib/rt.jar:/Library/Java/JavaVirtualMachines/jdk1.8.0_25.jdk/Contents/Home/jre/lib/sunrsasign.jar:/Library/Java/JavaVirtualMachines/jdk1.8.0_25.jdk/Contents/Home/jre/lib/jsse.jar:/Library/Java/JavaVirtualMachines/jdk1.8.0_25.jdk/Contents/Home/jre/lib/jce.jar:/Library/Java/JavaVirtualMachines/jdk1.8.0_25.jdk/Contents/Home/jre/lib/charsets.jar:/Library/Java/JavaVirtualMachines/jdk1.8.0_25.jdk/Contents/Home/jre/lib/jfr.jar:/Library/Java/JavaVirtualMachines/jdk1.8.0_25.jdk/Contents/Home/jre/classes"/><property name="java.vendor" value="Oracle Corporation"/><property name="file.separator" value="/"/><property name="java.vendor.url.bug" value="http://bugreport.sun.com/bugreport/"/><property name="sun.io.unicode.encoding" value="UnicodeBig"/><property name="sun.cpu.endian" value="little"/><property name="socksNonProxyHosts" value="local|*.local|169.254/16|*.169.254/16"/><property name="ftp.nonProxyHosts" value="local|*.local|169.254/16|*.169.254/16"/><property name="sun.cpu.isalist" value=""/>
    </properties>
                     <testcase classname="fp2tests" name="EX01 - map" time="0.013">
                                                 
                                               </testcase><testcase classname="fp2tests" name="EX02 - filter" time="0.002">
                                                 
                                               </testcase><testcase classname="fp2tests" name="EX03 - append" time="0.001">
                                                 
                                               </testcase><testcase classname="fp2tests" name="EX04 - flatten" time="0.0">
                                                 
                                               </testcase><testcase classname="fp2tests" name="EX05 - foldLeft" time="0.001">
                                                 
                                               </testcase><testcase classname="fp2tests" name="EX06 - foldRight" time="0.001">
                                                 
                                               </testcase><testcase classname="fp2tests" name="EX07 - joinTerminateLeft" time="0.001">
                                                 
                                               </testcase><testcase classname="fp2tests" name="EX08 - joinTerminateRight" time="0.0">
                                                 
                                               </testcase><testcase classname="fp2tests" name="EX09 - firstNumGreaterThan" time="0.0">
                                                 
                                               </testcase><testcase classname="fp2tests" name="EX10 - firstIndexNumGreaterThan" time="0.0">
                                                 
                                               </testcase><testcase classname="fp2tests" name="EX11 - member" time="0.0">
                                                 
                                               </testcase><testcase classname="fp2tests" name="EX12 - allEqual" time="0.0">
                                                 
                                               </testcase><testcase classname="fp2tests" name="EX13 - stringLengths" time="0.001">
                                                 
                                               </testcase><testcase classname="fp2tests" name="EX14 - delete1" time="0.0">
                                                 
                                               </testcase><testcase classname="fp2tests" name="EX15 - delete2" time="0.001">
                                                 
                                               </testcase><testcase classname="fp2tests" name="EX16 - delete3" time="0.0">
                                                 
                                               </testcase><testcase classname="fp2tests" name="EX17 - removeDupes1" time="0.0">
                                                 
                                               </testcase><testcase classname="fp2tests" name="EX18 - removeDupes2" time="0.01">
                                                 <failure message="null did not equal List()" type="org.scalatest.exceptions.TestFailedException">org.scalatest.exceptions.TestFailedException: null did not equal List()
	at org.scalatest.Assertions$class.newAssertionFailedException(Assertions.scala:500)
	at org.scalatest.PropSpec.newAssertionFailedException(PropSpec.scala:869)
	at org.scalatest.Assertions$AssertionsHelper.macroAssert(Assertions.scala:466)
	at fp2tests$$anonfun$25.apply$mcV$sp(fp2tests.scala:120)
	at fp2tests$$anonfun$25.apply(fp2tests.scala:119)
	at fp2tests$$anonfun$25.apply(fp2tests.scala:119)
	at org.scalatest.Transformer$$anonfun$apply$1.apply$mcV$sp(Transformer.scala:22)
	at org.scalatest.OutcomeOf$class.outcomeOf(OutcomeOf.scala:85)
	at org.scalatest.OutcomeOf$.outcomeOf(OutcomeOf.scala:104)
	at org.scalatest.Transformer.apply(Transformer.scala:22)
	at org.scalatest.Transformer.apply(Transformer.scala:20)
	at org.scalatest.PropSpecLike$$anon$1.apply(PropSpecLike.scala:166)
	at org.scalatest.Suite$class.withFixture(Suite.scala:1122)
	at org.scalatest.PropSpec.withFixture(PropSpec.scala:869)
	at org.scalatest.PropSpecLike$class.invokeWithFixture$1(PropSpecLike.scala:163)
	at org.scalatest.PropSpecLike$$anonfun$runTest$1.apply(PropSpecLike.scala:175)
	at org.scalatest.PropSpecLike$$anonfun$runTest$1.apply(PropSpecLike.scala:175)
	at org.scalatest.SuperEngine.runTestImpl(Engine.scala:306)
	at org.scalatest.PropSpecLike$class.runTest(PropSpecLike.scala:175)
	at org.scalatest.PropSpec.runTest(PropSpec.scala:869)
	at org.scalatest.PropSpecLike$$anonfun$runTests$1.apply(PropSpecLike.scala:208)
	at org.scalatest.PropSpecLike$$anonfun$runTests$1.apply(PropSpecLike.scala:208)
	at org.scalatest.SuperEngine$$anonfun$traverseSubNodes$1$1.apply(Engine.scala:413)
	at org.scalatest.SuperEngine$$anonfun$traverseSubNodes$1$1.apply(Engine.scala:401)
	at scala.collection.immutable.List.foreach(List.scala:381)
	at org.scalatest.SuperEngine.traverseSubNodes$1(Engine.scala:401)
	at org.scalatest.SuperEngine.org$scalatest$SuperEngine$$runTestsInBranch(Engine.scala:396)
	at org.scalatest.SuperEngine.runTestsImpl(Engine.scala:483)
	at org.scalatest.PropSpecLike$class.runTests(PropSpecLike.scala:208)
	at org.scalatest.PropSpec.runTests(PropSpec.scala:869)
	at org.scalatest.Suite$class.run(Suite.scala:1424)
	at org.scalatest.PropSpec.org$scalatest$PropSpecLike$$super$run(PropSpec.scala:869)
	at org.scalatest.PropSpecLike$$anonfun$run$1.apply(PropSpecLike.scala:212)
	at org.scalatest.PropSpecLike$$anonfun$run$1.apply(PropSpecLike.scala:212)
	at org.scalatest.SuperEngine.runImpl(Engine.scala:545)
	at org.scalatest.PropSpecLike$class.run(PropSpecLike.scala:212)
	at org.scalatest.PropSpec.run(PropSpec.scala:869)
	at org.scalatest.tools.Framework.org$scalatest$tools$Framework$$runSuite(Framework.scala:462)
	at org.scalatest.tools.Framework$ScalaTestTask.execute(Framework.scala:671)
	at sbt.TestRunner.runTest$1(TestFramework.scala:76)
	at sbt.TestRunner.run(TestFramework.scala:85)
	at sbt.TestFramework$$anon$2$$anonfun$$init$$1$$anonfun$apply$8.apply(TestFramework.scala:202)
	at sbt.TestFramework$$anon$2$$anonfun$$init$$1$$anonfun$apply$8.apply(TestFramework.scala:202)
	at sbt.TestFramework$.sbt$TestFramework$$withContextLoader(TestFramework.scala:185)
	at sbt.TestFramework$$anon$2$$anonfun$$init$$1.apply(TestFramework.scala:202)
	at sbt.TestFramework$$anon$2$$anonfun$$init$$1.apply(TestFramework.scala:202)
	at sbt.TestFunction.apply(TestFramework.scala:207)
	at sbt.Tests$$anonfun$9.apply(Tests.scala:216)
	at sbt.Tests$$anonfun$9.apply(Tests.scala:216)
	at sbt.std.Transform$$anon$3$$anonfun$apply$2.apply(System.scala:44)
	at sbt.std.Transform$$anon$3$$anonfun$apply$2.apply(System.scala:44)
	at sbt.std.Transform$$anon$4.work(System.scala:63)
	at sbt.Execute$$anonfun$submit$1$$anonfun$apply$1.apply(Execute.scala:226)
	at sbt.Execute$$anonfun$submit$1$$anonfun$apply$1.apply(Execute.scala:226)
	at sbt.ErrorHandling$.wideConvert(ErrorHandling.scala:17)
	at sbt.Execute.work(Execute.scala:235)
	at sbt.Execute$$anonfun$submit$1.apply(Execute.scala:226)
	at sbt.Execute$$anonfun$submit$1.apply(Execute.scala:226)
	at sbt.ConcurrentRestrictions$$anon$4$$anonfun$1.apply(ConcurrentRestrictions.scala:159)
	at sbt.CompletionService$$anon$2.call(CompletionService.scala:28)
	at java.util.concurrent.FutureTask.run(FutureTask.java:266)
	at java.util.concurrent.Executors$RunnableAdapter.call(Executors.java:511)
	at java.util.concurrent.FutureTask.run(FutureTask.java:266)
	at java.util.concurrent.ThreadPoolExecutor.runWorker(ThreadPoolExecutor.java:1142)
	at java.util.concurrent.ThreadPoolExecutor$Worker.run(ThreadPoolExecutor.java:617)
	at java.lang.Thread.run(Thread.java:745)
</failure>
                                               </testcase><testcase classname="fp2tests" name="EX19 - splitAt" time="0.0">
                                                 
                                               </testcase><testcase classname="fp2tests" name="EX20 - allDistinct" time="0.0">
                                                 
                                               </testcase>
                     <system-out></system-out>
                     <system-err></system-err>
                   </testsuite>